<?xml version="1.0" encoding="UTF-8"?>
<!-- Generated by org.testng.reporters.JUnitXMLReporter -->
<testsuite hostname="Shirishas-MacBook-Pro.local" ignored="0" name="LoginIn" tests="7" failures="0" timestamp="03 Apr 2020 07:06:01 GMT" time="8.989" errors="0">
  <testcase name="registrationOfUser" time="1.344" classname="com.automation.LoginTest"/>
  <testcase name="login" time="1.318" classname="com.automation.LoginTest"/>
  <testcase name="loginWithEmptyBody" time="1.15" classname="com.automation.LoginTest"/>
  <testcase name="loginWithInvalidEmaid" time="1.212" classname="com.automation.LoginTest"/>
  <testcase name="loginWithInvalidPassword" time="1.199" classname="com.automation.LoginTest"/>
  <testcase name="loginWithoutEmailId" time="1.455" classname="com.automation.LoginTest"/>
  <testcase name="loginWithoutPassword" time="1.306" classname="com.automation.LoginTest"/>
</testsuite> <!-- LoginIn -->
