<?xml version="1.0" encoding="UTF-8"?>
<!-- Generated by org.testng.reporters.JUnitXMLReporter -->
<testsuite hostname="Shirishas-MacBook-Pro.local" ignored="0" name="SignUpAndSignInFlowTest" tests="2" failures="0" timestamp="03 Apr 2020 07:10:30 GMT" time="2.774" errors="0">
  <testcase name="registrationOfUser" time="1.489" classname="com.automation.SignUpAndSignInFlowTest"/>
  <testcase name="login" time="1.282" classname="com.automation.SignUpAndSignInFlowTest"/>
</testsuite> <!-- SignUpAndSignInFlowTest -->
